Step: build-step-credential-initializer-vhzbn:

{"level":"warn","ts":1554224776.071759,"logger":"fallback-logger","caller":"logging/config.go:65","msg":"Fetch GitHub commit ID from kodata failed: \"ref: refs/heads/backport-container-name-fix\" is not a valid GitHub commit ID"}
{"level":"info","ts":1554224776.0723016,"logger":"fallback-logger","caller":"creds-init/main.go:40","msg":"Credentials initialized."}
Step: build-step-git-source-jstrachan-nodey60-master-kvg94:

{"level":"warn","ts":1554224776.6172383,"logger":"fallback-logger","caller":"logging/config.go:65","msg":"Fetch GitHub commit ID from kodata failed: \"ref: refs/heads/backport-container-name-fix\" is not a valid GitHub commit ID"}
{"level":"info","ts":1554224777.7198865,"logger":"fallback-logger","caller":"git-init/main.go:99","msg":"Successfully cloned \"https://github.com/jstrachan/nodey60\" @ \"v0.0.1\" in path \"/workspace/source\""}
Step: build-step-place-tools:

Step: build-step-setup-**-git-credentials:

Generated Git credentials file /workspace/xdg_config/git/credentials
Step: build-step-build-npm-install:

npm notice created a lockfile as package-lock.json. You should commit this file.
npm WARN REPLACE_ME@1.0.0 No repository field.
npm WARN REPLACE_ME@1.0.0 No license field.

up to date in 0.448s
found 0 vulnerabilities

Step: build-step-build-npm-test:


> REPLACE_ME@1.0.0 test /workspace/source
> echo "no test specified" && exit 0

no test specified
Step: build-step-build-container-build:

[36mINFO[0m[0000] Downloading base image node:9-slim           
ERROR: logging before flag.Parse: E0402 17:07:06.296080      11 metadata.go:142] while reading 'google-dockercfg' metadata: http status code: 404 while fetching url http://metadata.google.internal./computeMetadata/v1/instance/attributes/google-dockercfg
ERROR: logging before flag.Parse: E0402 17:07:06.299760      11 metadata.go:159] while reading 'google-dockercfg-url' metadata: http status code: 404 while fetching url http://metadata.google.internal./computeMetadata/v1/instance/attributes/google-dockercfg-url
2019/04/02 17:07:06 No matching credentials were found, falling back on anonymous
[36mINFO[0m[0001] Error while retrieving image from cache: getting file info: stat /workspace/sha256:0e0175bbe4f8d9d104590d8d2c591017874e30977cb71aaff1cf6fa99479575c: no such file or directory 
[36mINFO[0m[0001] Downloading base image node:9-slim           
2019/04/02 17:07:07 No matching credentials were found, falling back on anonymous
[36mINFO[0m[0002] Executing 0 build triggers                   
[36mINFO[0m[0002] cmd: EXPOSE                                  
[36mINFO[0m[0002] Adding exposed port: 8080/tcp                
[36mINFO[0m[0002] Using files from context: [/workspace/source] 
[36mINFO[0m[0002] Skipping unpacking as no commands require it. 
[36mINFO[0m[0002] Taking snapshot of full filesystem...        
[36mINFO[0m[0002] ENV PORT 8080                                
[36mINFO[0m[0002] No files changed in this command, skipping snapshotting. 
[36mINFO[0m[0002] EXPOSE 8080                                  
[36mINFO[0m[0002] cmd: EXPOSE                                  
[36mINFO[0m[0002] Adding exposed port: 8080/tcp                
[36mINFO[0m[0002] No files changed in this command, skipping snapshotting. 
[36mINFO[0m[0002] WORKDIR /usr/src/app                         
[36mINFO[0m[0002] cmd: workdir                                 
[36mINFO[0m[0002] Changed working directory to /usr/src/app    
[36mINFO[0m[0002] Creating directory /usr/src/app              
[36mINFO[0m[0002] Taking snapshot of files...                  
[36mINFO[0m[0002] Using files from context: [/workspace/source] 
[36mINFO[0m[0002] COPY . .                                     
[36mINFO[0m[0002] Taking snapshot of files...                  
[36mINFO[0m[0002] CMD ["npm", "start"]                         
[36mINFO[0m[0002] No files changed in this command, skipping snapshotting. 
2019/04/02 17:07:12 pushed blob sha256:0b5543e6577c5f99b865dd749635c5dc6367b36dc6a696b30ed89e0bd43314cd
2019/04/02 17:07:12 pushed blob sha256:061452f2f90b02dc4b2abf1436b8dafda1838a236b888adf17adcd01965c8d9e
2019/04/02 17:07:12 pushed blob sha256:749be98884c1bfdce52d0a18b1b6ba363c11d5e6a909772c0a1746f6d16cfebc
2019/04/02 17:07:12 pushed blob sha256:e01bd28a434b56ffd2a3fe9aa99b9b69aecca69904843edd30b1ee7150d79904
2019/04/02 17:07:12 pushed blob sha256:196b8e3c919d5639193ba6c6e54774528942041bbc37606631a2250502985c3c
2019/04/02 17:07:12 pushed blob sha256:7d083412657baa2dafba8d093034ef26f9ed2c90fb6ed95f76bb55aff03ed429
2019/04/02 17:07:15 pushed blob sha256:5bba3ecb4cd6374a19da45f2a3db0a9c0804984358b3bb4b666c28944016e5ff
2019/04/02 17:07:15 pushed blob sha256:a88538b9cd05cfa611e43a25582a95ad7879f6fa708b0386a26b71ee62235bb3
2019/04/02 17:07:17 gcr.io/jenkinsx-dev/nodey60:0.0.1: digest: sha256:60b3e1d304a63ee0eb3adcbfdc099c3108d8448b2704ad26469eb2a1d9e9d688 size: 1404
Step: build-step-build-post-build:

no CVE provider running in the current ** namespace so skip adding image to be analysed
Step: build-step-promote-changelog:

Converted /workspace/source/charts/nodey60 to an unshallow repository
Generating change log from git ref 23e72d230c72e14a7baf9442fb974f7292d81551 => d53ea8b4530c53fc124720b8e3963af1a7941edf
Failed to enrich commits with issues: User.jenkins.io "-0" is invalid: metadata.name: Invalid value: "-0": a DNS-1123 subdomain must consist of lower case alphanumeric characters, '-' or '.', and must start and end with an alphanumeric character (e.g. 'example.com', regex used for validation is '[a-z0-9]([-a-z0-9]*[a-z0-9])?(\.[a-z0-9]([-a-z0-9]*[a-z0-9])?)*')
Failed to enrich commits with issues: User.jenkins.io "-0" is invalid: metadata.name: Invalid value: "-0": a DNS-1123 subdomain must consist of lower case alphanumeric characters, '-' or '.', and must start and end with an alphanumeric character (e.g. 'example.com', regex used for validation is '[a-z0-9]([-a-z0-9]*[a-z0-9])?(\.[a-z0-9]([-a-z0-9]*[a-z0-9])?)*')
Finding issues in commit messages using git format
No release found for jstrachan/nodey60 and tag v0.0.1 so creating a new release
Updated the release information at https://github.com/jstrachan/nodey60/releases/tag/v0.0.1
generated: /workspace/source/charts/nodey60/templates/release.yaml
Created Release nodey60-0-0-1 resource in namespace **
Updating PipelineActivity jstrachan-nodey60-master-1 with version 0.0.1
Updated PipelineActivities jstrachan-nodey60-master-1 with release notes URL: https://github.com/jstrachan/nodey60/releases/tag/v0.0.1
Step: build-step-promote-helm-release:

No $CHART_REPOSITORY defined so using the default value of: http://jenkins-x-chartmuseum:8080
Adding missing Helm repo: jenkins-x http://chartmuseum.jenkins-x.io
Successfully added Helm repository jenkins-x.
Adding missing Helm repo: releases http://jenkins-x-chartmuseum:8080
Successfully added Helm repository releases.
No $CHART_REPOSITORY defined so using the default value of: http://jenkins-x-chartmuseum:8080
Uploading chart file nodey60-0.0.1.tgz to http://jenkins-x-chartmuseum:8080/api/charts
Received 201 response: {"saved":true}
Step: build-step-promote-**-promote:

prow based install so skip waiting for the merge of Pull Requests to go green as currently there is an issue with gettingstatuses from the PR, see https://github.com/jenkins-x/**/issues/2410
Promoting app nodey60 version 0.0.1 to namespace **-staging
Created Pull Request: https://github.com/jstrachan/env-t1-staging/pull/4

Pull Request https://github.com/jstrachan/env-t1-staging/pull/4 is merged at sha d1163b0baa64d818ffd62bd07e54a9b6a5f20514
Pull Request merged but we are not waiting for the update pipeline to complete!
Could not find the service URL in namespace **-staging for names nodey60, **-nodey60, **-staging-nodey60
